<?xml version="1.0" encoding="UTF-8"?>
<!-- Generated by org.testng.reporters.JUnitXMLReporter -->
<testsuite ignored="5" hostname="pshastri-MOBL" failures="0" tests="1" name="Default test" time="5.038" errors="0" timestamp="28 Jul 2019 14:51:46 GMT">
  <testcase classname="application.reflektion.ApiAutomationTest" name="putRequestTest" time="4.161"/>
  <testcase classname="application.reflektion.ApiAutomationTest" name="geParticularRequestTest" time="0.0">
    <ignored/>
  </testcase> <!-- geParticularRequestTest -->
  <testcase classname="application.reflektion.ApiAutomationTest" name="getRequestTest" time="0.0">
    <ignored/>
  </testcase> <!-- getRequestTest -->
  <testcase classname="application.reflektion.ApiAutomationTest" name="postRequestTest" time="0.0">
    <ignored/>
  </testcase> <!-- postRequestTest -->
  <testcase classname="application.reflektion.ApiAutomationTest" name="invalidRequestTest" time="0.0">
    <ignored/>
  </testcase> <!-- invalidRequestTest -->
  <testcase classname="application.reflektion.ApiAutomationTest" name="deleteRequestTest" time="0.0">
    <ignored/>
  </testcase> <!-- deleteRequestTest -->
</testsuite> <!-- Default test -->
