<?xml version="1.0" encoding="UTF-8"?>
<testng-results ignored="5" total="6" passed="1" failed="0" skipped="0">
  <reporter-output>
  </reporter-output>
  <suite started-at="2019-07-28T14:51:41Z" name="Default suite" finished-at="2019-07-28T14:51:46Z" duration-ms="5038">
    <groups>
    </groups>
    <test started-at="2019-07-28T14:51:41Z" name="Default test" finished-at="2019-07-28T14:51:46Z" duration-ms="5038">
      <class name="application.reflektion.ApiAutomationTest">
        <test-method is-config="true" signature="beforeTest()[pri:0, instance:application.reflektion.ApiAutomationTest@233fe9b6]" started-at="2019-07-28T14:51:41Z" name="beforeTest" finished-at="2019-07-28T14:51:42Z" duration-ms="840" status="PASS">
          <reporter-output>
          </reporter-output>
        </test-method> <!-- beforeTest -->
        <test-method signature="putRequestTest()[pri:0, instance:application.reflektion.ApiAutomationTest@233fe9b6]" started-at="2019-07-28T14:51:42Z" name="putRequestTest" finished-at="2019-07-28T14:51:46Z" duration-ms="4161" status="PASS">
          <reporter-output>
          </reporter-output>
        </test-method> <!-- putRequestTest -->
      </class> <!-- application.reflektion.ApiAutomationTest -->
    </test> <!-- Default test -->
  </suite> <!-- Default suite -->
</testng-results>
