<?xml version="1.0" encoding="UTF-8"?>
<testng-results ignored="5" total="6" passed="1" failed="0" skipped="0">
  <reporter-output>
  </reporter-output>
  <suite started-at="2019-07-28T15:40:24Z" name="Default suite" finished-at="2019-07-28T15:40:28Z" duration-ms="4061">
    <groups>
    </groups>
    <test started-at="2019-07-28T15:40:24Z" name="Default test" finished-at="2019-07-28T15:40:28Z" duration-ms="4061">
      <class name="application.reflektion.ApiAutomationTest">
        <test-method is-config="true" signature="beforeTest()[pri:0, instance:application.reflektion.ApiAutomationTest@233fe9b6]" started-at="2019-07-28T15:40:24Z" name="beforeTest" finished-at="2019-07-28T15:40:25Z" duration-ms="881" status="PASS">
          <reporter-output>
          </reporter-output>
        </test-method> <!-- beforeTest -->
        <test-method signature="invalidRequestTest()[pri:0, instance:application.reflektion.ApiAutomationTest@233fe9b6]" started-at="2019-07-28T15:40:25Z" name="invalidRequestTest" finished-at="2019-07-28T15:40:28Z" duration-ms="3143" status="PASS">
          <reporter-output>
          </reporter-output>
        </test-method> <!-- invalidRequestTest -->
      </class> <!-- application.reflektion.ApiAutomationTest -->
    </test> <!-- Default test -->
  </suite> <!-- Default suite -->
</testng-results>
